This is pdfTeX, Version 3.14159265-2.6-1.40.15 (TeX Live 2014) (preloaded format=pdflatex 2014.5.25)  30 OCT 2016 16:59
entering extended mode
 restricted \write18 enabled.
 file:line:error style messages enabled.
 %&-line parsing enabled.
**JrIS_RoughDraft.tex
(./JrIS_RoughDraft.tex
LaTeX2e <2014/05/01>
Babel <3.9k> and hyphenation patterns for 78 languages loaded.
(/usr/local/texlive/2014/texmf-dist/tex/latex/base/article.cls
Document Class: article 2007/10/19 v1.4h Standard LaTeX document class
(/usr/local/texlive/2014/texmf-dist/tex/latex/base/size12.clo
File: size12.clo 2007/10/19 v1.4h Standard LaTeX file (size option)
)
\c@part=\count79
\c@section=\count80
\c@subsection=\count81
\c@subsubsection=\count82
\c@paragraph=\count83
\c@subparagraph=\count84
\c@figure=\count85
\c@table=\count86
\abovecaptionskip=\skip41
\belowcaptionskip=\skip42
\bibindent=\dimen102
)
(/usr/local/texlive/2014/texmf-dist/tex/latex/amsmath/amsmath.sty
Package: amsmath 2013/01/14 v2.14 AMS math features
\@mathmargin=\skip43

For additional information on amsmath, use the `?' option.
(/usr/local/texlive/2014/texmf-dist/tex/latex/amsmath/amstext.sty
Package: amstext 2000/06/29 v2.01

(/usr/local/texlive/2014/texmf-dist/tex/latex/amsmath/amsgen.sty
File: amsgen.sty 1999/11/30 v2.0
\@emptytoks=\toks14
\ex@=\dimen103
))
(/usr/local/texlive/2014/texmf-dist/tex/latex/amsmath/amsbsy.sty
Package: amsbsy 1999/11/29 v1.2d
\pmbraise@=\dimen104
)
(/usr/local/texlive/2014/texmf-dist/tex/latex/amsmath/amsopn.sty
Package: amsopn 1999/12/14 v2.01 operator names
)
\inf@bad=\count87
LaTeX Info: Redefining \frac on input line 210.
\uproot@=\count88
\leftroot@=\count89
LaTeX Info: Redefining \overline on input line 306.
\classnum@=\count90
\DOTSCASE@=\count91
LaTeX Info: Redefining \ldots on input line 378.
LaTeX Info: Redefining \dots on input line 381.
LaTeX Info: Redefining \cdots on input line 466.
\Mathstrutbox@=\box26
\strutbox@=\box27
\big@size=\dimen105
LaTeX Font Info:    Redeclaring font encoding OML on input line 566.
LaTeX Font Info:    Redeclaring font encoding OMS on input line 567.
\macc@depth=\count92
\c@MaxMatrixCols=\count93
\dotsspace@=\muskip10
\c@parentequation=\count94
\dspbrk@lvl=\count95
\tag@help=\toks15
\row@=\count96
\column@=\count97
\maxfields@=\count98
\andhelp@=\toks16
\eqnshift@=\dimen106
\alignsep@=\dimen107
\tagshift@=\dimen108
\tagwidth@=\dimen109
\totwidth@=\dimen110
\lineht@=\dimen111
\@envbody=\toks17
\multlinegap=\skip44
\multlinetaggap=\skip45
\mathdisplay@stack=\toks18
LaTeX Info: Redefining \[ on input line 2665.
LaTeX Info: Redefining \] on input line 2666.
)
(/usr/local/texlive/2014/texmf-dist/tex/latex/amsfonts/amssymb.sty
Package: amssymb 2013/01/14 v3.01 AMS font symbols

(/usr/local/texlive/2014/texmf-dist/tex/latex/amsfonts/amsfonts.sty
Package: amsfonts 2013/01/14 v3.01 Basic AMSFonts support
\symAMSa=\mathgroup4
\symAMSb=\mathgroup5
LaTeX Font Info:    Overwriting math alphabet `\mathfrak' in version `bold'
(Font)                  U/euf/m/n --> U/euf/b/n on input line 106.
))
(/usr/local/texlive/2014/texmf-dist/tex/latex/amscls/amsthm.sty
Package: amsthm 2004/08/06 v2.20
\thm@style=\toks19
\thm@bodyfont=\toks20
\thm@headfont=\toks21
\thm@notefont=\toks22
\thm@headpunct=\toks23
\thm@preskip=\skip46
\thm@postskip=\skip47
\thm@headsep=\skip48
\dth@everypar=\toks24
)
(/usr/local/texlive/2014/texmf-dist/tex/latex/graphics/graphicx.sty
Package: graphicx 2014/04/25 v1.0g Enhanced LaTeX Graphics (DPC,SPQR)

(/usr/local/texlive/2014/texmf-dist/tex/latex/graphics/keyval.sty
Package: keyval 2014/05/08 v1.15 key=value parser (DPC)
\KV@toks@=\toks25
)
(/usr/local/texlive/2014/texmf-dist/tex/latex/graphics/graphics.sty
Package: graphics 2009/02/05 v1.0o Standard LaTeX Graphics (DPC,SPQR)

(/usr/local/texlive/2014/texmf-dist/tex/latex/graphics/trig.sty
Package: trig 1999/03/16 v1.09 sin cos tan (DPC)
)
(/usr/local/texlive/2014/texmf-dist/tex/latex/latexconfig/graphics.cfg
File: graphics.cfg 2010/04/23 v1.9 graphics configuration of TeX Live
)
Package graphics Info: Driver file: pdftex.def on input line 91.

(/usr/local/texlive/2014/texmf-dist/tex/latex/pdftex-def/pdftex.def
File: pdftex.def 2011/05/27 v0.06d Graphics/color for pdfTeX

(/usr/local/texlive/2014/texmf-dist/tex/generic/oberdiek/infwarerr.sty
Package: infwarerr 2010/04/08 v1.3 Providing info/warning/error messages (HO)
)
(/usr/local/texlive/2014/texmf-dist/tex/generic/oberdiek/ltxcmds.sty
Package: ltxcmds 2011/11/09 v1.22 LaTeX kernel commands for general use (HO)
)
\Gread@gobject=\count99
))
\Gin@req@height=\dimen112
\Gin@req@width=\dimen113
)
(/usr/local/texlive/2014/texmf-dist/tex/latex/url/url.sty
\Urlmuskip=\muskip11
Package: url 2013/09/16  ver 3.4  Verb mode for urls, etc.
)
(/usr/local/texlive/2014/texmf-dist/tex/latex/setspace/setspace.sty
Package: setspace 2011/12/19 v6.7a set line spacing
)
(/usr/local/texlive/2014/texmf-dist/tex/latex/enumitem/enumitem.sty
Package: enumitem 2011/09/28 v3.5.2 Customized lists
\labelindent=\skip49
\enit@outerparindent=\dimen114
\enit@toks=\toks26
\enit@inbox=\box28
\enitdp@description=\count100
)
(/usr/local/texlive/2014/texmf-dist/tex/latex/geometry/geometry.sty
Package: geometry 2010/09/12 v5.6 Page Geometry

(/usr/local/texlive/2014/texmf-dist/tex/generic/oberdiek/ifpdf.sty
Package: ifpdf 2011/01/30 v2.3 Provides the ifpdf switch (HO)
Package ifpdf Info: pdfTeX in PDF mode is detected.
)
(/usr/local/texlive/2014/texmf-dist/tex/generic/oberdiek/ifvtex.sty
Package: ifvtex 2010/03/01 v1.5 Detect VTeX and its facilities (HO)
Package ifvtex Info: VTeX not detected.
)
(/usr/local/texlive/2014/texmf-dist/tex/generic/ifxetex/ifxetex.sty
Package: ifxetex 2010/09/12 v0.6 Provides ifxetex conditional
)
\Gm@cnth=\count101
\Gm@cntv=\count102
\c@Gm@tempcnt=\count103
\Gm@bindingoffset=\dimen115
\Gm@wd@mp=\dimen116
\Gm@odd@mp=\dimen117
\Gm@even@mp=\dimen118
\Gm@layoutwidth=\dimen119
\Gm@layoutheight=\dimen120
\Gm@layouthoffset=\dimen121
\Gm@layoutvoffset=\dimen122
\Gm@dimlist=\toks27
)
(./JrIS_RoughDraft.aux)
\openout1 = `JrIS_RoughDraft.aux'.

LaTeX Font Info:    Checking defaults for OML/cmm/m/it on input line 36.
LaTeX Font Info:    ... okay on input line 36.
LaTeX Font Info:    Checking defaults for T1/cmr/m/n on input line 36.
LaTeX Font Info:    ... okay on input line 36.
LaTeX Font Info:    Checking defaults for OT1/cmr/m/n on input line 36.
LaTeX Font Info:    ... okay on input line 36.
LaTeX Font Info:    Checking defaults for OMS/cmsy/m/n on input line 36.
LaTeX Font Info:    ... okay on input line 36.
LaTeX Font Info:    Checking defaults for OMX/cmex/m/n on input line 36.
LaTeX Font Info:    ... okay on input line 36.
LaTeX Font Info:    Checking defaults for U/cmr/m/n on input line 36.
LaTeX Font Info:    ... okay on input line 36.

(/usr/local/texlive/2014/texmf-dist/tex/context/base/supp-pdf.mkii
[Loading MPS to PDF converter (version 2006.09.02).]
\scratchcounter=\count104
\scratchdimen=\dimen123
\scratchbox=\box29
\nofMPsegments=\count105
\nofMParguments=\count106
\everyMPshowfont=\toks28
\MPscratchCnt=\count107
\MPscratchDim=\dimen124
\MPnumerator=\count108
\makeMPintoPDFobject=\count109
\everyMPtoPDFconversion=\toks29
) (/usr/local/texlive/2014/texmf-dist/tex/generic/oberdiek/pdftexcmds.sty
Package: pdftexcmds 2011/11/29 v0.20 Utility functions of pdfTeX for LuaTeX (HO
)

(/usr/local/texlive/2014/texmf-dist/tex/generic/oberdiek/ifluatex.sty
Package: ifluatex 2010/03/01 v1.3 Provides the ifluatex switch (HO)
Package ifluatex Info: LuaTeX not detected.
)
Package pdftexcmds Info: LuaTeX not detected.
Package pdftexcmds Info: \pdf@primitive is available.
Package pdftexcmds Info: \pdf@ifprimitive is available.
Package pdftexcmds Info: \pdfdraftmode found.
)
(/usr/local/texlive/2014/texmf-dist/tex/latex/oberdiek/epstopdf-base.sty
Package: epstopdf-base 2010/02/09 v2.5 Base part for package epstopdf

(/usr/local/texlive/2014/texmf-dist/tex/latex/oberdiek/grfext.sty
Package: grfext 2010/08/19 v1.1 Manage graphics extensions (HO)

(/usr/local/texlive/2014/texmf-dist/tex/generic/oberdiek/kvdefinekeys.sty
Package: kvdefinekeys 2011/04/07 v1.3 Define keys (HO)
))
(/usr/local/texlive/2014/texmf-dist/tex/latex/oberdiek/kvoptions.sty
Package: kvoptions 2011/06/30 v3.11 Key value format for package options (HO)

(/usr/local/texlive/2014/texmf-dist/tex/generic/oberdiek/kvsetkeys.sty
Package: kvsetkeys 2012/04/25 v1.16 Key value parser (HO)

(/usr/local/texlive/2014/texmf-dist/tex/generic/oberdiek/etexcmds.sty
Package: etexcmds 2011/02/16 v1.5 Avoid name clashes with e-TeX commands (HO)
Package etexcmds Info: Could not find \expanded.
(etexcmds)             That can mean that you are not using pdfTeX 1.50 or
(etexcmds)             that some package has redefined \expanded.
(etexcmds)             In the latter case, load this package earlier.
)))
Package grfext Info: Graphics extension search list:
(grfext)             [.png,.pdf,.jpg,.mps,.jpeg,.jbig2,.jb2,.PNG,.PDF,.JPG,.JPE
G,.JBIG2,.JB2,.eps]
(grfext)             \AppendGraphicsExtensions on input line 452.

(/usr/local/texlive/2014/texmf-dist/tex/latex/latexconfig/epstopdf-sys.cfg
File: epstopdf-sys.cfg 2010/07/13 v1.3 Configuration of (r)epstopdf for TeX Liv
e
))
*geometry* driver: auto-detecting
*geometry* detected driver: pdftex
*geometry* verbose mode - [ preamble ] result:
* driver: pdftex
* paper: <default>
* layout: <same size as paper>
* layoutoffset:(h,v)=(0.0pt,0.0pt)
* modes: 
* h-part:(L,W,R)=(72.26999pt, 469.75502pt, 72.26999pt)
* v-part:(T,H,B)=(36.135pt, 686.565pt, 72.26999pt)
* \paperwidth=614.295pt
* \paperheight=794.96999pt
* \textwidth=469.75502pt
* \textheight=686.565pt
* \oddsidemargin=0.0pt
* \evensidemargin=0.0pt
* \topmargin=-73.135pt
* \headheight=12.0pt
* \headsep=25.0pt
* \topskip=12.0pt
* \footskip=30.0pt
* \marginparwidth=44.0pt
* \marginparsep=10.0pt
* \columnsep=10.0pt
* \skip\footins=10.8pt plus 4.0pt minus 2.0pt
* \hoffset=0.0pt
* \voffset=0.0pt
* \mag=1000
* \@twocolumnfalse
* \@twosidefalse
* \@mparswitchfalse
* \@reversemarginfalse
* (1in=72.27pt=25.4mm, 1cm=28.453pt)

<images/cover.png, id=1, 484.81125pt x 629.35126pt>
File: images/cover.png Graphic file (type png)
 <use images/cover.png>
Package pdftex.def Info: images/cover.png used on input line 80.
(pdftex.def)             Requested size: 469.75502pt x 609.83618pt.

Overfull \hbox (17.62482pt too wide) in paragraph at lines 80--81
[][] 
 []

[1

 <./images/cover.png>] (./JrIS_RoughDraft.toc
LaTeX Font Info:    Try loading font information for U+msa on input line 2.

(/usr/local/texlive/2014/texmf-dist/tex/latex/amsfonts/umsa.fd
File: umsa.fd 2013/01/14 v3.01 AMS symbols A
)
LaTeX Font Info:    Try loading font information for U+msb on input line 2.

(/usr/local/texlive/2014/texmf-dist/tex/latex/amsfonts/umsb.fd
File: umsb.fd 2013/01/14 v3.01 AMS symbols B
))
\tf@toc=\write3
\openout3 = `JrIS_RoughDraft.toc'.

 [1

{/usr/local/texlive/2014/texmf-var/fonts/map/pdftex/updmap/pdftex.map}] [2]
<images/photo1_sutehrland.jpg, id=17, 201.75375pt x 243.15843pt>
File: images/photo1_sutehrland.jpg Graphic file (type jpg)

<use images/photo1_sutehrland.jpg>
Package pdftex.def Info: images/photo1_sutehrland.jpg used on input line 124.
(pdftex.def)             Requested size: 187.89914pt x 226.4615pt.
 [3 <./images/photo1_sutehrland.jpg>]
<images/photo16_cave.jpg, id=22, 715.67375pt x 495.8525pt>
File: images/photo16_cave.jpg Graphic file (type jpg)

<use images/photo16_cave.jpg>
Package pdftex.def Info: images/photo16_cave.jpg used on input line 142.
(pdftex.def)             Requested size: 258.36668pt x 179.00612pt.
 [4 <./images/photo16_cave.jpg>]
<images/photo2_health.png, id=26, 1003.75pt x 565.11125pt>
File: images/photo2_health.png Graphic file (type png)

<use images/photo2_health.png>
Package pdftex.def Info: images/photo2_health.png used on input line 158.
(pdftex.def)             Requested size: 281.85587pt x 158.68707pt.

Underfull \hbox (badness 10000) in paragraph at lines 163--165

 []

[5 <./images/photo2_health.png>]
<images/photo15_presence.jpg, id=31, 1003.75pt x 537.00626pt>
File: images/photo15_presence.jpg Graphic file (type jpg)

<use images/photo15_presence.jpg>
Package pdftex.def Info: images/photo15_presence.jpg used on input line 190.
(pdftex.def)             Requested size: 328.82707pt x 175.92615pt.


LaTeX Warning: `h' float specifier changed to `ht'.

[6] [7 <./images/photo15_presence.jpg>]
<images/photo7_fov.jpg, id=39, 1927.2pt x 652.4375pt>
File: images/photo7_fov.jpg Graphic file (type jpg)

<use images/photo7_fov.jpg>
Package pdftex.def Info: images/photo7_fov.jpg used on input line 222.
(pdftex.def)             Requested size: 469.75502pt x 159.02727pt.


LaTeX Warning: `h' float specifier changed to `ht'.

[8] <images/picture11_oculus.jpg, id=43, 1606.0pt x 1127.21124pt>
File: images/picture11_oculus.jpg Graphic file (type jpg)

<use images/picture11_oculus.jpg>
Package pdftex.def Info: images/picture11_oculus.jpg used on input line 234.
(pdftex.def)             Requested size: 305.33789pt x 214.30995pt.


LaTeX Warning: `h' float specifier changed to `ht'.

[9 <./images/photo7_fov.jpg>]
<images/photo8_sound.jpg, id=47, 80.6764pt x 52.195pt>
File: images/photo8_sound.jpg Graphic file (type jpg)

<use images/photo8_sound.jpg>
Package pdftex.def Info: images/photo8_sound.jpg used on input line 248.
(pdftex.def)             Requested size: 328.82707pt x 212.79268pt.
 [10 <./images/picture11_oculus.jpg> <./images/photo8_sound.jpg>] <images/pictu
re12_haptics2.jpg, id=51, 224.037pt x 149.358pt>
File: images/picture12_haptics2.jpg Graphic file (type jpg)

<use images/picture12_haptics2.jpg>
Package pdftex.def Info: images/picture12_haptics2.jpg used on input line 262.
(pdftex.def)             Requested size: 258.36668pt x 172.24805pt.
 [11 <./images/picture12_haptics2.jpg>]
<images/DemoSoftware2.png, id=55, 1445.4pt x 782.925pt>
File: images/DemoSoftware2.png Graphic file (type png)

<use images/DemoSoftware2.png>
Package pdftex.def Info: images/DemoSoftware2.png used on input line 291.
(pdftex.def)             Requested size: 328.82707pt x 178.10974pt.
 [12] [13 <./images/DemoSoftware2.png>]
<images/image13_reticle.png, id=63, 1525.7pt x 722.7pt>
File: images/image13_reticle.png Graphic file (type png)

<use images/image13_reticle.png>
Package pdftex.def Info: images/image13_reticle.png used on input line 310.
(pdftex.def)             Requested size: 281.85587pt x 133.50993pt.

<images/DemoSoftware1.png, id=64, 1009.52156pt x 497.60907pt>
File: images/DemoSoftware1.png Graphic file (type png)

<use images/DemoSoftware1.png>
Package pdftex.def Info: images/DemoSoftware1.png used on input line 321.
(pdftex.def)             Requested size: 328.82707pt x 162.08548pt.
 [14 <./images/image13_reticle.png (PNG copy)>]
[15 <./images/DemoSoftware1.png>]
<images/picture14_cardboard.png, id=71, 504.38437pt x 306.39468pt>
File: images/picture14_cardboard.png Graphic file (type png)

<use images/picture14_cardboard.png>
Package pdftex.def Info: images/picture14_cardboard.png used on input line 363.

(pdftex.def)             Requested size: 469.75502pt x 285.3602pt.
 [16

 <./images/picture14_cardboard.png>]
<images/Software10.png, id=76, 794.2172pt x 520.19344pt>
File: images/Software10.png Graphic file (type png)

<use images/Software10.png>
Package pdftex.def Info: images/Software10.png used on input line 375.
(pdftex.def)             Requested size: 305.33789pt x 199.9933pt.
 [17 <./images/Software10.png>]
<images/Software6.png, id=80, 953.06062pt x 525.46312pt>
File: images/Software6.png Graphic file (type png)

<use images/Software6.png>
Package pdftex.def Info: images/Software6.png used on input line 384.
(pdftex.def)             Requested size: 375.80544pt x 207.19885pt.

<images/Software4.png, id=81, 640.64343pt x 450.18187pt>
File: images/Software4.png Graphic file (type png)

<use images/Software4.png>
Package pdftex.def Info: images/Software4.png used on input line 393.
(pdftex.def)             Requested size: 281.85587pt x 198.06003pt.
 [18 <./images/Software6.png> <./images/Software4.png>] <images/Software9.png, 
id=86, 1426.57968pt x 524.71031pt>
File: images/Software9.png Graphic file (type png)

<use images/Software9.png>
Package pdftex.def Info: images/Software9.png used on input line 401.
(pdftex.def)             Requested size: 422.77664pt x 155.50076pt.
 [19 <./images/Software9.png>]
<images/Software11.png, id=90, 637.63219pt x 450.18187pt>
File: images/Software11.png Graphic file (type png)

<use images/Software11.png>
Package pdftex.def Info: images/Software11.png used on input line 426.
(pdftex.def)             Requested size: 328.82707pt x 232.1588pt.
 (./JrIS_RoughDraft.bbl [20

 <./images/Software11.png>]
Underfull \hbox (badness 10000) in paragraph at lines 45--49
[]\OT1/cmr/m/n/12 Google.  Ivan suther-land.  $\OT1/cmtt/m/n/12 https : / / www
 . google . com / design / spec-[]vr /
 []


Underfull \hbox (badness 10000) in paragraph at lines 76--80
[]\OT1/cmr/m/n/12 Pete Markiewicz.  6 rea-sons that vir-tual re-al-ity is sud-d
enly
 []


Underfull \hbox (badness 10000) in paragraph at lines 76--80
\OT1/cmr/m/n/12 on ev-ery-one's lips.  $\OT1/cmtt/m/n/12 https : / / owentertai
nment . biz / 2015 / 11 / 21 /
 []


Overfull \hbox (32.9616pt too wide) in paragraph at lines 76--80
\OT1/cmtt/m/n/12 6-[]reasons-[]that-[]virtual-[]reality-[]vr-[]is-[]suddenly-[]
and-[]rightly-[]on-[]everyones-[]lips/$\OT1/cmr/m/n/12 . 
 []

[21]
Underfull \hbox (badness 10000) in paragraph at lines 119--124
\OT1/cmtt/m/n/12 openbiomedical . org / virtual-[]reality-[]in-[]healthcare-[]w
heres-[]the-[]innovation/$\OT1/cmr/m/n/12 ,
 []


Underfull \hbox (badness 10000) in paragraph at lines 126--132
[]\OT1/cmr/m/n/12 Alex Todd.  Re-combu's vir-tual re-al-ity gog-gles beat googl
e card-board
 []


Underfull \hbox (badness 10000) in paragraph at lines 126--132
\OT1/cmr/m/n/12 to the punch by five years.  $\OT1/cmtt/m/n/12 https : / / reco
mbu . com / mobile / article /
 []

) [22] (./JrIS_RoughDraft.aux) ) 
Here is how much of TeX's memory you used:
 3449 strings out of 493117
 48753 string characters out of 6135433
 115412 words of memory out of 5000000
 6834 multiletter control sequences out of 15000+600000
 10319 words of font info for 39 fonts, out of 8000000 for 9000
 1141 hyphenation exceptions out of 8191
 38i,6n,26p,1135b,257s stack positions out of 5000i,500n,10000p,200000b,80000s
</usr/local/texlive/2014/texmf-dist/fonts/type1
/public/amsfonts/cm/cmbx12.pfb></usr/local/texlive/2014/texmf-dist/fonts/type1/
public/amsfonts/cm/cmr12.pfb></usr/local/texlive/2014/texmf-dist/fonts/type1/pu
blic/amsfonts/cm/cmti12.pfb></usr/local/texlive/2014/texmf-dist/fonts/type1/pub
lic/amsfonts/cm/cmtt12.pfb>
Output written on JrIS_RoughDraft.pdf (23 pages, 9505296 bytes).
PDF statistics:
 116 PDF objects out of 1000 (max. 8388607)
 65 compressed objects within 1 object stream
 0 named destinations out of 1000 (max. 500000)
 91 words of extra memory for PDF output out of 10000 (max. 10000000)

